<?xml version="1.0" encoding="UTF-8"?>
<!-- Generated by org.testng.reporters.JUnitXMLReporter -->
<testsuite hostname="Sanja-PC" ignored="0" name="Test" tests="4" failures="0" timestamp="2020-01-03T01:03:43 CET" time="47.656" errors="0">
  <testcase name="testTitleValidation" time="0.191" classname="endava.ValidateNavigatonBar"/>
  <testcase name="testForSystemPropBrowsers" time="13.579" classname="endava.HomePage"/>
  <testcase name="testForSystemPropBrowsers" time="9.117" classname="endava.HomePage"/>
  <testcase name="testTitleValidation" time="0.046" classname="endava.ValidateTitle"/>
</testsuite> <!-- Test -->
