<?xml version="1.0" encoding="UTF-8"?>
<testsuite xmlns:xsi="http://www.w3.org/2001/XMLSchema-instance" xsi:noNamespaceSchemaLocation="https://maven.apache.org/surefire/maven-surefire-plugin/xsd/surefire-test-report-3.0.xsd" version="3.0" name="TestSuite" time="49.564" tests="5" errors="0" skipped="0" failures="0">
  <properties>
[...]
</properties>
  <testcase name="testValidateNavigatonBar" classname="endava.ValidateNavigatonBar" time="0.129"/>
  <testcase name="testHomePage" classname="endava.HomePage" time="13.395"/>
  <testcase name="testHomePage" classname="endava.HomePage" time="9.733"/>
  <testcase name="testTitleValidationHeader" classname="endava.ValidateTitle" time="0.076"/>
  <testcase name="testValidateHeader" classname="endava.ValidateTitle" time="0.039"/>
</testsuite>