<?xml version="1.0" encoding="UTF-8"?>
<testng-results skipped="0" failed="0" ignored="0" total="5" passed="5">
  <reporter-output>
  </reporter-output>
  <suite name="Suite" duration-ms="47258" started-at="2020-01-12T23:37:11 CET" finished-at="2020-01-12T23:37:58 CET">
    <groups>
    </groups>
    <test name="AppTesting" duration-ms="9" started-at="2020-01-12T23:37:11 CET" finished-at="2020-01-12T23:37:11 CET">
    </test> <!-- AppTesting -->
    <test name="Validating navidation bar" duration-ms="9431" started-at="2020-01-12T23:37:11 CET" finished-at="2020-01-12T23:37:21 CET">
      <class name="endava.ValidateNavigatonBar">
        <test-method status="PASS" signature="initialize()[pri:0, instance:endava.ValidateNavigatonBar@514646ef]" name="initialize" is-config="true" duration-ms="9164" started-at="2020-01-12T23:37:11 CET" finished-at="2020-01-12T23:37:20 CET">
          <reporter-output>
          </reporter-output>
        </test-method> <!-- initialize -->
        <test-method status="PASS" signature="testValidateNavigatonBar()[pri:0, instance:endava.ValidateNavigatonBar@514646ef]" name="testValidateNavigatonBar" duration-ms="127" started-at="2020-01-12T23:37:20 CET" finished-at="2020-01-12T23:37:21 CET">
          <reporter-output>
          </reporter-output>
        </test-method> <!-- testValidateNavigatonBar -->
        <test-method status="PASS" signature="teardown()[pri:0, instance:endava.ValidateNavigatonBar@514646ef]" name="teardown" is-config="true" duration-ms="83" started-at="2020-01-12T23:37:21 CET" finished-at="2020-01-12T23:37:21 CET">
          <reporter-output>
          </reporter-output>
        </test-method> <!-- teardown -->
      </class> <!-- endava.ValidateNavigatonBar -->
    </test> <!-- Validating navidation bar -->
    <test name="Validating Home page" duration-ms="30655" started-at="2020-01-12T23:37:21 CET" finished-at="2020-01-12T23:37:51 CET">
      <class name="endava.HomePage">
        <test-method status="PASS" signature="initialize()[pri:0, instance:endava.HomePage@28dcca0c]" name="initialize" is-config="true" duration-ms="7372" started-at="2020-01-12T23:37:21 CET" finished-at="2020-01-12T23:37:28 CET">
          <reporter-output>
          </reporter-output>
        </test-method> <!-- initialize -->
        <test-method status="PASS" signature="testHomePage(java.lang.String, java.lang.String, java.lang.String)[pri:0, instance:endava.HomePage@28dcca0c]" name="testHomePage" duration-ms="13395" started-at="2020-01-12T23:37:28 CET" data-provider="getData" finished-at="2020-01-12T23:37:41 CET">
          <params>
            <param index="0">
              <value>
                <![CDATA[nonresricteduser@qw.com]]>
              </value>
            </param>
            <param index="1">
              <value>
                <![CDATA[1234]]>
              </value>
            </param>
            <param index="2">
              <value>
                <![CDATA[Nonrestricted user. ]]>
              </value>
            </param>
          </params>
          <reporter-output>
          </reporter-output>
        </test-method> <!-- testHomePage -->
        <test-method status="PASS" signature="testHomePage(java.lang.String, java.lang.String, java.lang.String)[pri:0, instance:endava.HomePage@28dcca0c]" name="testHomePage" duration-ms="9731" started-at="2020-01-12T23:37:41 CET" data-provider="getData" finished-at="2020-01-12T23:37:51 CET">
          <params>
            <param index="0">
              <value>
                <![CDATA[resricteduser@qw.com]]>
              </value>
            </param>
            <param index="1">
              <value>
                <![CDATA[45678]]>
              </value>
            </param>
            <param index="2">
              <value>
                <![CDATA[Restricted user.]]>
              </value>
            </param>
          </params>
          <reporter-output>
          </reporter-output>
        </test-method> <!-- testHomePage -->
        <test-method status="PASS" signature="teardown()[pri:0, instance:endava.HomePage@28dcca0c]" name="teardown" is-config="true" duration-ms="145" started-at="2020-01-12T23:37:51 CET" finished-at="2020-01-12T23:37:51 CET">
          <reporter-output>
          </reporter-output>
        </test-method> <!-- teardown -->
      </class> <!-- endava.HomePage -->
    </test> <!-- Validating Home page -->
    <test name="Validating title" duration-ms="6846" started-at="2020-01-12T23:37:51 CET" finished-at="2020-01-12T23:37:58 CET">
      <class name="endava.ValidateTitle">
        <test-method status="PASS" signature="initialize()[pri:0, instance:endava.ValidateTitle@312aa7c]" name="initialize" is-config="true" duration-ms="6661" started-at="2020-01-12T23:37:51 CET" finished-at="2020-01-12T23:37:58 CET">
          <reporter-output>
          </reporter-output>
        </test-method> <!-- initialize -->
        <test-method status="PASS" signature="testTitleValidationHeader()[pri:0, instance:endava.ValidateTitle@312aa7c]" name="testTitleValidationHeader" duration-ms="76" started-at="2020-01-12T23:37:58 CET" finished-at="2020-01-12T23:37:58 CET">
          <reporter-output>
          </reporter-output>
        </test-method> <!-- testTitleValidationHeader -->
        <test-method status="PASS" signature="testValidateHeader()[pri:0, instance:endava.ValidateTitle@312aa7c]" name="testValidateHeader" duration-ms="39" started-at="2020-01-12T23:37:58 CET" finished-at="2020-01-12T23:37:58 CET">
          <reporter-output>
          </reporter-output>
        </test-method> <!-- testValidateHeader -->
        <test-method status="PASS" signature="teardown()[pri:0, instance:endava.ValidateTitle@312aa7c]" name="teardown" is-config="true" duration-ms="67" started-at="2020-01-12T23:37:58 CET" finished-at="2020-01-12T23:37:58 CET">
          <reporter-output>
          </reporter-output>
        </test-method> <!-- teardown -->
      </class> <!-- endava.ValidateTitle -->
    </test> <!-- Validating title -->
  </suite> <!-- Suite -->
</testng-results>
